<?xml version="1.0" encoding="utf-8"?><testsuites name="pytest tests"><testsuite name="pytest" errors="0" failures="3" skipped="0" tests="9" time="0.239" timestamp="2026-06-14T14:25:24.524247+05:30" hostname="admin1-Latitude-3440"><testcase classname="tests.test_app" name="test_index" time="0.002" /><testcase classname="tests.test_app" name="test_list_users_empty" time="0.001" /><testcase classname="tests.test_app" name="test_create_user_valid" time="0.001" /><testcase classname="tests.test_app" name="test_create_user_missing_name" time="0.001"><failure message="KeyError: 'name'">client = &lt;FlaskClient &lt;Flask 'app'&gt;&gt;

    def test_create_user_missing_name(client):
&gt;       r = client.post("/users", json={"email": "alice@example.com"})
            ^^^^^^^^^^^^^^^^^^^^^^^^^^^^^^^^^^^^^^^^^^^^^^^^^^^^^^^^^^

tests/test_app.py:36: 
_ _ _ _ _ _ _ _ _ _ _ _ _ _ _ _ _ _ _ _ _ _ _ _ _ _ _ _ _ _ _ _ _ _ _ _ _ _ _ _ 
../../codebenders-brownfield/.venv/lib/python3.12/site-packages/werkzeug/test.py:1167: in post
    return self.open(*args, **kw)
           ^^^^^^^^^^^^^^^^^^^^^^
../../codebenders-brownfield/.venv/lib/python3.12/site-packages/flask/testing.py:235: in open
    response = super().open(
../../codebenders-brownfield/.venv/lib/python3.12/site-packages/werkzeug/test.py:1116: in open
    response_parts = self.run_wsgi_app(request.environ, buffered=buffered)
                     ^^^^^^^^^^^^^^^^^^^^^^^^^^^^^^^^^^^^^^^^^^^^^^^^^^^^^
../../codebenders-brownfield/.venv/lib/python3.12/site-packages/werkzeug/test.py:988: in run_wsgi_app
    rv = run_wsgi_app(self.application, environ, buffered=buffered)
         ^^^^^^^^^^^^^^^^^^^^^^^^^^^^^^^^^^^^^^^^^^^^^^^^^^^^^^^^^^
../../codebenders-brownfield/.venv/lib/python3.12/site-packages/werkzeug/test.py:1264: in run_wsgi_app
    app_rv = app(environ, start_response)
             ^^^^^^^^^^^^^^^^^^^^^^^^^^^^
../../codebenders-brownfield/.venv/lib/python3.12/site-packages/flask/app.py:1536: in __call__
    return self.wsgi_app(environ, start_response)
           ^^^^^^^^^^^^^^^^^^^^^^^^^^^^^^^^^^^^^^
../../codebenders-brownfield/.venv/lib/python3.12/site-packages/flask/app.py:1514: in wsgi_app
    response = self.handle_exception(e)
               ^^^^^^^^^^^^^^^^^^^^^^^^
../../codebenders-brownfield/.venv/lib/python3.12/site-packages/flask/app.py:1511: in wsgi_app
    response = self.full_dispatch_request()
               ^^^^^^^^^^^^^^^^^^^^^^^^^^^^
../../codebenders-brownfield/.venv/lib/python3.12/site-packages/flask/app.py:919: in full_dispatch_request
    rv = self.handle_user_exception(e)
         ^^^^^^^^^^^^^^^^^^^^^^^^^^^^^
../../codebenders-brownfield/.venv/lib/python3.12/site-packages/flask/app.py:917: in full_dispatch_request
    rv = self.dispatch_request()
         ^^^^^^^^^^^^^^^^^^^^^^^
../../codebenders-brownfield/.venv/lib/python3.12/site-packages/flask/app.py:902: in dispatch_request
    return self.ensure_sync(self.view_functions[rule.endpoint])(**view_args)  # type: ignore[no-any-return]
           ^^^^^^^^^^^^^^^^^^^^^^^^^^^^^^^^^^^^^^^^^^^^^^^^^^^^^^^^^^^^^^^^^
_ _ _ _ _ _ _ _ _ _ _ _ _ _ _ _ _ _ _ _ _ _ _ _ _ _ _ _ _ _ _ _ _ _ _ _ _ _ _ _ 

    @app.route("/users", methods=["POST"])
    def create_user():
        data = request.get_json()
&gt;       name = data["name"]           # KeyError if missing
               ^^^^^^^^^^^^
E       KeyError: 'name'

app.py:36: KeyError</failure></testcase><testcase classname="tests.test_app" name="test_create_user_missing_email" time="0.001"><failure message="KeyError: 'email'">client = &lt;FlaskClient &lt;Flask 'app'&gt;&gt;

    def test_create_user_missing_email(client):
&gt;       r = client.post("/users", json={"name": "Bob"})
            ^^^^^^^^^^^^^^^^^^^^^^^^^^^^^^^^^^^^^^^^^^^

tests/test_app.py:43: 
_ _ _ _ _ _ _ _ _ _ _ _ _ _ _ _ _ _ _ _ _ _ _ _ _ _ _ _ _ _ _ _ _ _ _ _ _ _ _ _ 
../../codebenders-brownfield/.venv/lib/python3.12/site-packages/werkzeug/test.py:1167: in post
    return self.open(*args, **kw)
           ^^^^^^^^^^^^^^^^^^^^^^
../../codebenders-brownfield/.venv/lib/python3.12/site-packages/flask/testing.py:235: in open
    response = super().open(
../../codebenders-brownfield/.venv/lib/python3.12/site-packages/werkzeug/test.py:1116: in open
    response_parts = self.run_wsgi_app(request.environ, buffered=buffered)
                     ^^^^^^^^^^^^^^^^^^^^^^^^^^^^^^^^^^^^^^^^^^^^^^^^^^^^^
../../codebenders-brownfield/.venv/lib/python3.12/site-packages/werkzeug/test.py:988: in run_wsgi_app
    rv = run_wsgi_app(self.application, environ, buffered=buffered)
         ^^^^^^^^^^^^^^^^^^^^^^^^^^^^^^^^^^^^^^^^^^^^^^^^^^^^^^^^^^
../../codebenders-brownfield/.venv/lib/python3.12/site-packages/werkzeug/test.py:1264: in run_wsgi_app
    app_rv = app(environ, start_response)
             ^^^^^^^^^^^^^^^^^^^^^^^^^^^^
../../codebenders-brownfield/.venv/lib/python3.12/site-packages/flask/app.py:1536: in __call__
    return self.wsgi_app(environ, start_response)
           ^^^^^^^^^^^^^^^^^^^^^^^^^^^^^^^^^^^^^^
../../codebenders-brownfield/.venv/lib/python3.12/site-packages/flask/app.py:1514: in wsgi_app
    response = self.handle_exception(e)
               ^^^^^^^^^^^^^^^^^^^^^^^^
../../codebenders-brownfield/.venv/lib/python3.12/site-packages/flask/app.py:1511: in wsgi_app
    response = self.full_dispatch_request()
               ^^^^^^^^^^^^^^^^^^^^^^^^^^^^
../../codebenders-brownfield/.venv/lib/python3.12/site-packages/flask/app.py:919: in full_dispatch_request
    rv = self.handle_user_exception(e)
         ^^^^^^^^^^^^^^^^^^^^^^^^^^^^^
../../codebenders-brownfield/.venv/lib/python3.12/site-packages/flask/app.py:917: in full_dispatch_request
    rv = self.dispatch_request()
         ^^^^^^^^^^^^^^^^^^^^^^^
../../codebenders-brownfield/.venv/lib/python3.12/site-packages/flask/app.py:902: in dispatch_request
    return self.ensure_sync(self.view_functions[rule.endpoint])(**view_args)  # type: ignore[no-any-return]
           ^^^^^^^^^^^^^^^^^^^^^^^^^^^^^^^^^^^^^^^^^^^^^^^^^^^^^^^^^^^^^^^^^
_ _ _ _ _ _ _ _ _ _ _ _ _ _ _ _ _ _ _ _ _ _ _ _ _ _ _ _ _ _ _ _ _ _ _ _ _ _ _ _ 

    @app.route("/users", methods=["POST"])
    def create_user():
        data = request.get_json()
        name = data["name"]           # KeyError if missing
&gt;       email = data["email"]         # KeyError if missing
                ^^^^^^^^^^^^^
E       KeyError: 'email'

app.py:37: KeyError</failure></testcase><testcase classname="tests.test_app" name="test_list_products_empty" time="0.001" /><testcase classname="tests.test_app" name="test_create_product_valid" time="0.001" /><testcase classname="tests.test_app" name="test_create_product_duplicate" time="0.001"><failure message="AssertionError: Duplicate product: Gadget">client = &lt;FlaskClient &lt;Flask 'app'&gt;&gt;

    def test_create_product_duplicate(client):
        client.post("/products", json={"name": "Gadget", "price": 5.00})
&gt;       r = client.post("/products", json={"name": "Gadget", "price": 5.00})
            ^^^^^^^^^^^^^^^^^^^^^^^^^^^^^^^^^^^^^^^^^^^^^^^^^^^^^^^^^^^^^^^^

tests/test_app.py:61: 
_ _ _ _ _ _ _ _ _ _ _ _ _ _ _ _ _ _ _ _ _ _ _ _ _ _ _ _ _ _ _ _ _ _ _ _ _ _ _ _ 
../../codebenders-brownfield/.venv/lib/python3.12/site-packages/werkzeug/test.py:1167: in post
    return self.open(*args, **kw)
           ^^^^^^^^^^^^^^^^^^^^^^
../../codebenders-brownfield/.venv/lib/python3.12/site-packages/flask/testing.py:235: in open
    response = super().open(
../../codebenders-brownfield/.venv/lib/python3.12/site-packages/werkzeug/test.py:1116: in open
    response_parts = self.run_wsgi_app(request.environ, buffered=buffered)
                     ^^^^^^^^^^^^^^^^^^^^^^^^^^^^^^^^^^^^^^^^^^^^^^^^^^^^^
../../codebenders-brownfield/.venv/lib/python3.12/site-packages/werkzeug/test.py:988: in run_wsgi_app
    rv = run_wsgi_app(self.application, environ, buffered=buffered)
         ^^^^^^^^^^^^^^^^^^^^^^^^^^^^^^^^^^^^^^^^^^^^^^^^^^^^^^^^^^
../../codebenders-brownfield/.venv/lib/python3.12/site-packages/werkzeug/test.py:1264: in run_wsgi_app
    app_rv = app(environ, start_response)
             ^^^^^^^^^^^^^^^^^^^^^^^^^^^^
../../codebenders-brownfield/.venv/lib/python3.12/site-packages/flask/app.py:1536: in __call__
    return self.wsgi_app(environ, start_response)
           ^^^^^^^^^^^^^^^^^^^^^^^^^^^^^^^^^^^^^^
../../codebenders-brownfield/.venv/lib/python3.12/site-packages/flask/app.py:1514: in wsgi_app
    response = self.handle_exception(e)
               ^^^^^^^^^^^^^^^^^^^^^^^^
../../codebenders-brownfield/.venv/lib/python3.12/site-packages/flask/app.py:1511: in wsgi_app
    response = self.full_dispatch_request()
               ^^^^^^^^^^^^^^^^^^^^^^^^^^^^
../../codebenders-brownfield/.venv/lib/python3.12/site-packages/flask/app.py:919: in full_dispatch_request
    rv = self.handle_user_exception(e)
         ^^^^^^^^^^^^^^^^^^^^^^^^^^^^^
../../codebenders-brownfield/.venv/lib/python3.12/site-packages/flask/app.py:917: in full_dispatch_request
    rv = self.dispatch_request()
         ^^^^^^^^^^^^^^^^^^^^^^^
../../codebenders-brownfield/.venv/lib/python3.12/site-packages/flask/app.py:902: in dispatch_request
    return self.ensure_sync(self.view_functions[rule.endpoint])(**view_args)  # type: ignore[no-any-return]
           ^^^^^^^^^^^^^^^^^^^^^^^^^^^^^^^^^^^^^^^^^^^^^^^^^^^^^^^^^^^^^^^^^
app.py:72: in create_product
    product_store.add(product)    # AssertionError on duplicate name
    ^^^^^^^^^^^^^^^^^^^^^^^^^^
_ _ _ _ _ _ _ _ _ _ _ _ _ _ _ _ _ _ _ _ _ _ _ _ _ _ _ _ _ _ _ _ _ _ _ _ _ _ _ _ 

self = &lt;models.product.ProductStore object at 0x7fcce11ff230&gt;
product = Product(name='Gadget', price=5.0, id=3)

    def add(self, product: Product):
&gt;       assert product.name not in self._names, f"Duplicate product: {product.name}"
               ^^^^^^^^^^^^^^^^^^^^^^^^^^^^^^^
E       AssertionError: Duplicate product: Gadget

models/product.py:33: AssertionError</failure></testcase><testcase classname="tests.test_app" name="test_stats" time="0.001" /></testsuite></testsuites>